mode: set
github.com/lifthus/envjson/go/envjson.go:19.34,21.21 1 1
github.com/lifthus/envjson/go/envjson.go:21.21,23.3 1 1
github.com/lifthus/envjson/go/envjson.go:26.2,26.29 1 1
github.com/lifthus/envjson/go/envjson.go:26.29,29.17 2 1
github.com/lifthus/envjson/go/envjson.go:29.17,31.4 1 1
github.com/lifthus/envjson/go/envjson.go:33.3,33.29 1 1
github.com/lifthus/envjson/go/envjson.go:33.29,34.37 1 1
github.com/lifthus/envjson/go/envjson.go:34.37,36.5 1 1
github.com/lifthus/envjson/go/envjson.go:40.2,40.12 1 1
github.com/lifthus/envjson/go/envjson.go:56.39,57.22 1 1
github.com/lifthus/envjson/go/envjson.go:57.22,59.3 1 1
github.com/lifthus/envjson/go/envjson.go:61.2,61.22 1 1
github.com/lifthus/envjson/go/envjson.go:61.22,63.3 1 0
github.com/lifthus/envjson/go/envjson.go:66.2,66.46 1 1
github.com/lifthus/envjson/go/envjson.go:66.46,69.17 2 1
github.com/lifthus/envjson/go/envjson.go:69.17,71.4 1 1
github.com/lifthus/envjson/go/envjson.go:73.3,73.29 1 1
github.com/lifthus/envjson/go/envjson.go:73.29,74.37 1 1
github.com/lifthus/envjson/go/envjson.go:74.37,76.5 1 1
github.com/lifthus/envjson/go/envjson.go:79.2,79.12 1 1
github.com/lifthus/envjson/go/parser.go:15.60,17.41 1 1
github.com/lifthus/envjson/go/parser.go:17.41,19.3 1 0
github.com/lifthus/envjson/go/parser.go:22.2,23.16 2 1
github.com/lifthus/envjson/go/parser.go:23.16,25.3 1 0
github.com/lifthus/envjson/go/parser.go:28.2,30.16 3 1
github.com/lifthus/envjson/go/parser.go:30.16,32.3 1 0
github.com/lifthus/envjson/go/parser.go:34.2,36.22 2 1
github.com/lifthus/envjson/go/parser.go:36.22,38.10 2 1
github.com/lifthus/envjson/go/parser.go:38.10,40.4 1 0
github.com/lifthus/envjson/go/parser.go:43.2,44.16 2 1
github.com/lifthus/envjson/go/parser.go:44.16,46.3 1 1
github.com/lifthus/envjson/go/parser.go:48.2,48.21 1 1
github.com/lifthus/envjson/go/parser.go:52.73,56.26 2 1
github.com/lifthus/envjson/go/parser.go:56.26,58.10 2 1
github.com/lifthus/envjson/go/parser.go:58.10,60.4 1 1
github.com/lifthus/envjson/go/parser.go:61.3,61.20 1 1
github.com/lifthus/envjson/go/parser.go:63.2,63.21 1 1
